<?xml version="1.0" encoding="UTF-8"?>
<!-- Generated by org.testng.reporters.JUnitReportReporter -->
<testsuite hostname="anas-g5" failures="0" tests="1" name="AllTasks.Task4_Part_2_and_3" time="5.072" errors="0" timestamp="6 Jul 2023 09:58:10 GMT">
  <testcase classname="AllTasks.Task4_Part_2_and_3" name="Task4" time="5.072"/>
</testsuite> <!-- AllTasks.Task4_Part_2_and_3 -->
