<?xml version="1.0" encoding="UTF-8"?>
<!-- Generated by org.testng.reporters.JUnitReportReporter -->
<testsuite hostname="anas-g5" failures="0" tests="1" name="AllTasks.Task4_Part_1" time="3.739" errors="0" timestamp="27 Jul 2023 12:26:49 GMT">
  <testcase classname="AllTasks.Task4_Part_1" name="tests" time="3.739"/>
</testsuite> <!-- AllTasks.Task4_Part_1 -->
