<?xml version="1.0" encoding="UTF-8"?>
<!-- Generated by org.testng.reporters.JUnitReportReporter -->
<testsuite hostname="anas-g5" failures="0" tests="1" name="AllTasks.Task3" time="3.365" errors="0" timestamp="2023-06-16T19:32:01 PKT" skipped="0">
  <testcase classname="AllTasks.Task3" name="AllTests" time="3.365"/>
  <system-out/>
</testsuite> <!-- AllTasks.Task3 -->
