<?xml version="1.0" encoding="UTF-8"?>
<!-- Generated by org.testng.reporters.JUnitReportReporter -->
<testsuite hostname="anas-g5" failures="0" tests="1" name="AllTasks.Task4_Part_1" time="4.000" errors="0" timestamp="30 Jul 2023 17:52:55 GMT">
  <testcase classname="AllTasks.Task4_Part_1" name="tests" time="4.000"/>
</testsuite> <!-- AllTasks.Task4_Part_1 -->
