<?xml version="1.0" encoding="UTF-8"?>
<!-- Generated by org.testng.reporters.JUnitReportReporter -->
<testsuite hostname="anas-g5" failures="0" tests="1" name="AllTasks.Task4_Part_2_and_3" time="4.409" errors="0" timestamp="27 Jul 2023 12:27:09 GMT">
  <testcase classname="AllTasks.Task4_Part_2_and_3" name="Task4" time="4.409"/>
</testsuite> <!-- AllTasks.Task4_Part_2_and_3 -->
